<?xml version="1.0" encoding="UTF-8"?>
<!-- Generated by org.testng.reporters.JUnitReportReporter -->
<testsuite hostname="GSK-PC" failures="0" tests="1" name="scripts.Testcase2" time="24.817" errors="0" timestamp="2022-06-12T16:36:42 IST" skipped="0">
  <testcase classname="scripts.Testcase2" name="tc2" time="24.817"/>
  <system-out/>
</testsuite> <!-- scripts.Testcase2 -->
