<?xml version="1.0" encoding="UTF-8"?>
<!-- Generated by org.testng.reporters.JUnitReportReporter -->
<testsuite hostname="GSK-PC" failures="0" tests="1" name="scripts.Testcase1" time="18.075" errors="0" timestamp="2022-06-12T16:36:42 IST" skipped="0">
  <testcase classname="scripts.Testcase1" name="tc1" time="18.075"/>
  <system-out/>
</testsuite> <!-- scripts.Testcase1 -->
